{
  "stats": {
    "suites": 1,
    "tests": 4,
    "passes": 4,
    "pending": 0,
    "failures": 0,
    "start": "2026-06-15T19:07:53.363Z",
    "end": "2026-06-15T19:07:53.376Z",
    "duration": 13,
    "testsRegistered": 4,
    "passPercent": 100,
    "pendingPercent": 0,
    "other": 0,
    "hasOther": false,
    "skipped": 0,
    "hasSkipped": false
  },
  "results": [
    {
      "uuid": "8df732f9-afda-483a-ad76-78b981fc653d",
      "title": "",
      "fullFile": "C:\\Projetos\\ci-trabalho-de-conclusao-da-disciplina\\test\\ServicoDePagamentoBancario.test.js",
      "file": "\\test\\ServicoDePagamentoBancario.test.js",
      "beforeHooks": [],
      "afterHooks": [],
      "tests": [],
      "suites": [
        {
          "uuid": "9f6722e1-4eda-4438-95b9-90f207ce4279",
          "title": "Testes para gestão de pagamentos bancários",
          "fullFile": "C:\\Projetos\\ci-trabalho-de-conclusao-da-disciplina\\test\\ServicoDePagamentoBancario.test.js",
          "file": "\\test\\ServicoDePagamentoBancario.test.js",
          "beforeHooks": [
            {
              "title": "\"before each\" hook in \"Testes para gestão de pagamentos bancários\"",
              "fullTitle": "Testes para gestão de pagamentos bancários \"before each\" hook in \"Testes para gestão de pagamentos bancários\"",
              "timedOut": false,
              "duration": 0,
              "state": null,
              "speed": null,
              "pass": false,
              "fail": false,
              "pending": false,
              "context": null,
              "code": "servicoDePagamentoBancario = new ServicoDePagamentoBancario();",
              "err": {},
              "uuid": "daa53f97-cc2c-4c5f-9738-727acbaad604",
              "parentUUID": "9f6722e1-4eda-4438-95b9-90f207ce4279",
              "isHook": true,
              "skipped": false
            }
          ],
          "afterHooks": [],
          "tests": [
            {
              "title": "Validação do método realizar pagamento com valor menor que R$ 100,00 reais",
              "fullTitle": "Testes para gestão de pagamentos bancários Validação do método realizar pagamento com valor menor que R$ 100,00 reais",
              "timedOut": false,
              "duration": 0,
              "state": "passed",
              "speed": "fast",
              "pass": true,
              "fail": false,
              "pending": false,
              "context": null,
              "code": "// Act (Agir)\nconst resultado = servicoDePagamentoBancario.pagar('0987-7656-9999', 'Minsait', 99.99, 'padrão');\n\n// Assert (Validar ou verificar)\nassert.equal(resultado, 'Pagamento realizado com sucesso.');",
              "err": {},
              "uuid": "e52e7874-a992-4628-8f30-09b6fe04d7a3",
              "parentUUID": "9f6722e1-4eda-4438-95b9-90f207ce4279",
              "isHook": false,
              "skipped": false
            },
            {
              "title": "Validação do método realizar pagamento com valor maior que R$ 100,00 reais",
              "fullTitle": "Testes para gestão de pagamentos bancários Validação do método realizar pagamento com valor maior que R$ 100,00 reais",
              "timedOut": false,
              "duration": 0,
              "state": "passed",
              "speed": "fast",
              "pass": true,
              "fail": false,
              "pending": false,
              "context": null,
              "code": "// Act (Agir)\nconst resultado = servicoDePagamentoBancario.pagar('0988-7656-1001', 'Minsait', 100.01, 'cara');\n\n// Assert (Validar ou verificar)\nassert.equal(resultado, 'Pagamento realizado com sucesso.');",
              "err": {},
              "uuid": "f6c8a52c-86eb-4bcf-964a-7a8106966612",
              "parentUUID": "9f6722e1-4eda-4438-95b9-90f207ce4279",
              "isHook": false,
              "skipped": false
            },
            {
              "title": "Validação do método consultar último pagamento quando não houver nenhum pagamento feito",
              "fullTitle": "Testes para gestão de pagamentos bancários Validação do método consultar último pagamento quando não houver nenhum pagamento feito",
              "timedOut": false,
              "duration": 0,
              "state": "passed",
              "speed": "fast",
              "pass": true,
              "fail": false,
              "pending": false,
              "context": null,
              "code": "// Act & Assert (Agir e validar ou verificar)\nconst ultimoPagamento = servicoDePagamentoBancario.consultarUltimoPagamento();\nassert.equal(ultimoPagamento, 'Nenhum pagamento efetuado.');",
              "err": {},
              "uuid": "24144d87-2425-43bb-a3e4-5c19dbf7e219",
              "parentUUID": "9f6722e1-4eda-4438-95b9-90f207ce4279",
              "isHook": false,
              "skipped": false
            },
            {
              "title": "Validação do método consultar último pagamento quando houver algum pagamento feito",
              "fullTitle": "Testes para gestão de pagamentos bancários Validação do método consultar último pagamento quando houver algum pagamento feito",
              "timedOut": false,
              "duration": 0,
              "state": "passed",
              "speed": "fast",
              "pass": true,
              "fail": false,
              "pending": false,
              "context": null,
              "code": "// Arrange (Preparar)\nservicoDePagamentoBancario.pagar('0987-7656-9999', 'Minsait', 99.99, 'padrão');\n\n// Act (Agir)\nconst ultimoPagamento = servicoDePagamentoBancario.consultarUltimoPagamento();\n\n// Assert (Agora validando ou verificando que o último pagamento deve retornar)\nassert.equal(ultimoPagamento.codigoBarras, '0987-7656-9999');\nassert.equal(ultimoPagamento.empresa, 'Minsait');\nassert.equal(ultimoPagamento.valor, 99.99);\nassert.equal(ultimoPagamento.categoria, 'padrão');",
              "err": {},
              "uuid": "6f984308-cf8f-4fea-a3d2-dd97be94f79f",
              "parentUUID": "9f6722e1-4eda-4438-95b9-90f207ce4279",
              "isHook": false,
              "skipped": false
            }
          ],
          "suites": [],
          "passes": [
            "e52e7874-a992-4628-8f30-09b6fe04d7a3",
            "f6c8a52c-86eb-4bcf-964a-7a8106966612",
            "24144d87-2425-43bb-a3e4-5c19dbf7e219",
            "6f984308-cf8f-4fea-a3d2-dd97be94f79f"
          ],
          "failures": [],
          "pending": [],
          "skipped": [],
          "duration": 0,
          "root": false,
          "rootEmpty": false,
          "_timeout": 2000
        }
      ],
      "passes": [],
      "failures": [],
      "pending": [],
      "skipped": [],
      "duration": 0,
      "root": true,
      "rootEmpty": true,
      "_timeout": 2000
    }
  ],
  "meta": {
    "mocha": {
      "version": "11.7.6"
    },
    "mochawesome": {
      "options": {
        "quiet": false,
        "reportFilename": "test-report",
        "saveHtml": true,
        "saveJson": true,
        "consoleReporter": "spec",
        "useInlineDiffs": false,
        "code": true
      },
      "version": "7.1.4"
    },
    "marge": {
      "options": {
        "reportDir": "reports",
        "reportFilename": "test-report",
        "html": "true",
        "json": "true"
      },
      "version": "6.3.2"
    }
  }
}