{
  "stats": {
    "suites": 1,
    "tests": 4,
    "passes": 4,
    "pending": 0,
    "failures": 0,
    "start": "2026-06-15T19:12:02.696Z",
    "end": "2026-06-15T19:12:02.706Z",
    "duration": 10,
    "testsRegistered": 4,
    "passPercent": 100,
    "pendingPercent": 0,
    "other": 0,
    "hasOther": false,
    "skipped": 0,
    "hasSkipped": false
  },
  "results": [
    {
      "uuid": "49ef3803-6441-4048-aec7-2ecd1653761d",
      "title": "",
      "fullFile": "C:\\Projetos\\ci-trabalho-de-conclusao-da-disciplina\\test\\ServicoDePagamentoBancario.test.js",
      "file": "\\test\\ServicoDePagamentoBancario.test.js",
      "beforeHooks": [],
      "afterHooks": [],
      "tests": [],
      "suites": [
        {
          "uuid": "d7f52a93-5b04-4b2a-9f04-27004ef31da6",
          "title": "Testes para gestão de pagamentos bancários",
          "fullFile": "C:\\Projetos\\ci-trabalho-de-conclusao-da-disciplina\\test\\ServicoDePagamentoBancario.test.js",
          "file": "\\test\\ServicoDePagamentoBancario.test.js",
          "beforeHooks": [
            {
              "title": "\"before each\" hook in \"Testes para gestão de pagamentos bancários\"",
              "fullTitle": "Testes para gestão de pagamentos bancários \"before each\" hook in \"Testes para gestão de pagamentos bancários\"",
              "timedOut": false,
              "duration": 0,
              "state": null,
              "speed": null,
              "pass": false,
              "fail": false,
              "pending": false,
              "context": null,
              "code": "servicoDePagamentoBancario = new ServicoDePagamentoBancario();",
              "err": {},
              "uuid": "830fca1b-99f8-4874-941c-7ec94f8253ce",
              "parentUUID": "d7f52a93-5b04-4b2a-9f04-27004ef31da6",
              "isHook": true,
              "skipped": false
            }
          ],
          "afterHooks": [],
          "tests": [
            {
              "title": "Validação do método realizar pagamento com valor menor que R$ 100,00 reais",
              "fullTitle": "Testes para gestão de pagamentos bancários Validação do método realizar pagamento com valor menor que R$ 100,00 reais",
              "timedOut": false,
              "duration": 0,
              "state": "passed",
              "speed": "fast",
              "pass": true,
              "fail": false,
              "pending": false,
              "context": null,
              "code": "// Act (Agir)\nconst resultado = servicoDePagamentoBancario.pagar('0987-7656-9999', 'Minsait', 99.99, 'padrão');\n\n// Assert (Validar ou verificar)\nassert.equal(resultado, 'Pagamento realizado com sucesso.');",
              "err": {},
              "uuid": "7fad67a0-5605-4c47-bac6-3b4a8091241c",
              "parentUUID": "d7f52a93-5b04-4b2a-9f04-27004ef31da6",
              "isHook": false,
              "skipped": false
            },
            {
              "title": "Validação do método realizar pagamento com valor maior que R$ 100,00 reais",
              "fullTitle": "Testes para gestão de pagamentos bancários Validação do método realizar pagamento com valor maior que R$ 100,00 reais",
              "timedOut": false,
              "duration": 0,
              "state": "passed",
              "speed": "fast",
              "pass": true,
              "fail": false,
              "pending": false,
              "context": null,
              "code": "// Act (Agir)\nconst resultado = servicoDePagamentoBancario.pagar('0988-7656-1001', 'Minsait', 100.01, 'cara');\n\n// Assert (Validar ou verificar)\nassert.equal(resultado, 'Pagamento realizado com sucesso.');",
              "err": {},
              "uuid": "1cedcc82-d00b-4566-98ea-4f775b873307",
              "parentUUID": "d7f52a93-5b04-4b2a-9f04-27004ef31da6",
              "isHook": false,
              "skipped": false
            },
            {
              "title": "Validação do método consultar último pagamento quando não houver nenhum pagamento feito",
              "fullTitle": "Testes para gestão de pagamentos bancários Validação do método consultar último pagamento quando não houver nenhum pagamento feito",
              "timedOut": false,
              "duration": 0,
              "state": "passed",
              "speed": "fast",
              "pass": true,
              "fail": false,
              "pending": false,
              "context": null,
              "code": "// Act & Assert (Agir e validar ou verificar)\nconst ultimoPagamento = servicoDePagamentoBancario.consultarUltimoPagamento();\nassert.equal(ultimoPagamento, 'Nenhum pagamento efetuado.');",
              "err": {},
              "uuid": "f0c324c0-4d54-4fd1-9d1d-3cd387b22b37",
              "parentUUID": "d7f52a93-5b04-4b2a-9f04-27004ef31da6",
              "isHook": false,
              "skipped": false
            },
            {
              "title": "Validação do método consultar último pagamento quando houver algum pagamento feito",
              "fullTitle": "Testes para gestão de pagamentos bancários Validação do método consultar último pagamento quando houver algum pagamento feito",
              "timedOut": false,
              "duration": 0,
              "state": "passed",
              "speed": "fast",
              "pass": true,
              "fail": false,
              "pending": false,
              "context": null,
              "code": "// Arrange (Preparar)\nservicoDePagamentoBancario.pagar('0987-7656-9999', 'Minsait', 99.99, 'padrão');\n\n// Act (Agir)\nconst ultimoPagamento = servicoDePagamentoBancario.consultarUltimoPagamento();\n\n// Assert (Agora validando ou verificando que o último pagamento deve retornar)\nassert.equal(ultimoPagamento.codigoBarras, '0987-7656-9999');\nassert.equal(ultimoPagamento.empresa, 'Minsait');\nassert.equal(ultimoPagamento.valor, 99.99);\nassert.equal(ultimoPagamento.categoria, 'padrão');",
              "err": {},
              "uuid": "6a6c0178-15e1-4adc-997f-fefa873fb886",
              "parentUUID": "d7f52a93-5b04-4b2a-9f04-27004ef31da6",
              "isHook": false,
              "skipped": false
            }
          ],
          "suites": [],
          "passes": [
            "7fad67a0-5605-4c47-bac6-3b4a8091241c",
            "1cedcc82-d00b-4566-98ea-4f775b873307",
            "f0c324c0-4d54-4fd1-9d1d-3cd387b22b37",
            "6a6c0178-15e1-4adc-997f-fefa873fb886"
          ],
          "failures": [],
          "pending": [],
          "skipped": [],
          "duration": 0,
          "root": false,
          "rootEmpty": false,
          "_timeout": 2000
        }
      ],
      "passes": [],
      "failures": [],
      "pending": [],
      "skipped": [],
      "duration": 0,
      "root": true,
      "rootEmpty": true,
      "_timeout": 2000
    }
  ],
  "meta": {
    "mocha": {
      "version": "11.7.6"
    },
    "mochawesome": {
      "options": {
        "quiet": false,
        "reportFilename": "test-report",
        "saveHtml": true,
        "saveJson": true,
        "consoleReporter": "spec",
        "useInlineDiffs": false,
        "code": true
      },
      "version": "7.1.4"
    },
    "marge": {
      "options": {
        "reportDir": "reports",
        "reportFilename": "test-report",
        "html": "true",
        "json": "true"
      },
      "version": "6.3.2"
    }
  }
}